{"numFailedTestSuites":0,"numFailedTests":0,"numPassedTestSuites":1,"numPassedTests":11,"numPendingTestSuites":0,"numPendingTests":0,"numRuntimeErrorTestSuites":0,"numTodoTests":0,"numTotalTestSuites":1,"numTotalTests":11,"openHandles":[],"snapshot":{"added":0,"didUpdate":false,"failure":false,"filesAdded":0,"filesRemoved":0,"filesRemovedList":[],"filesUnmatched":0,"filesUpdated":0,"matched":0,"total":0,"unchecked":0,"uncheckedKeysByFile":[],"unmatched":0,"updated":0},"startTime":1708225051562,"success":true,"testResults":[{"assertionResults":[{"ancestorTitles":[],"duration":3,"failureDetails":[],"failureMessages":[],"fullName":"photo is valid","invocations":1,"location":null,"numPassingAsserts":1,"retryReasons":[],"status":"passed","title":"photo is valid"},{"ancestorTitles":[],"duration":1,"failureDetails":[],"failureMessages":[],"fullName":"photo is invalid","invocations":1,"location":null,"numPassingAsserts":2,"retryReasons":[],"status":"passed","title":"photo is invalid"},{"ancestorTitles":[],"duration":0,"failureDetails":[],"failureMessages":[],"fullName":"username is valid","invocations":1,"location":null,"numPassingAsserts":1,"retryReasons":[],"status":"passed","title":"username is valid"},{"ancestorTitles":[],"duration":6,"failureDetails":[],"failureMessages":[],"fullName":"username is invalid","invocations":1,"location":null,"numPassingAsserts":2,"retryReasons":[],"status":"passed","title":"username is invalid"},{"ancestorTitles":[],"duration":0,"failureDetails":[],"failureMessages":[],"fullName":"password is valid","invocations":1,"location":null,"numPassingAsserts":1,"retryReasons":[],"status":"passed","title":"password is valid"},{"ancestorTitles":[],"duration":0,"failureDetails":[],"failureMessages":[],"fullName":"password is invalid, not same","invocations":1,"location":null,"numPassingAsserts":2,"retryReasons":[],"status":"passed","title":"password is invalid, not same"},{"ancestorTitles":[],"duration":0,"failureDetails":[],"failureMessages":[],"fullName":"password is invalid, too short","invocations":1,"location":null,"numPassingAsserts":2,"retryReasons":[],"status":"passed","title":"password is invalid, too short"},{"ancestorTitles":[],"duration":0,"failureDetails":[],"failureMessages":[],"fullName":"email is valid","invocations":1,"location":null,"numPassingAsserts":1,"retryReasons":[],"status":"passed","title":"email is valid"},{"ancestorTitles":[],"duration":0,"failureDetails":[],"failureMessages":[],"fullName":"email is invalid, without @","invocations":1,"location":null,"numPassingAsserts":2,"retryReasons":[],"status":"passed","title":"email is invalid, without @"},{"ancestorTitles":[],"duration":1,"failureDetails":[],"failureMessages":[],"fullName":"name is valid","invocations":1,"location":null,"numPassingAsserts":1,"retryReasons":[],"status":"passed","title":"name is valid"},{"ancestorTitles":[],"duration":1,"failureDetails":[],"failureMessages":[],"fullName":"name is invalid, without last name","invocations":1,"location":null,"numPassingAsserts":2,"retryReasons":[],"status":"passed","title":"name is invalid, without last name"}],"endTime":1708225052796,"message":"","name":"C:\\Users\\DEI\\Desktop\\jest_teste_Scrum\\example.test.js","startTime":1708225052242,"status":"passed","summary":""}],"wasInterrupted":false}
